[2026-04-19 10:07:11.190] ================= roku_log started, writing to F:\development\steam\emulator_bot\roku_channel\tools\roku_debug.log =================
[2026-04-19 10:07:11.190] ================= connecting to 192.168.3.2:8085 =================
[2026-04-19 10:07:11.198] ================= connected — streaming =================
[2026-04-19 10:07:11.203] 04-19 15:05:37.590 sdkl [beacon.signal] |AppLaunchChainComplete ----> Duration(895 ms)
[2026-04-19 10:07:11.203] =================================================================
[2026-04-19 10:07:11.204] Warnings occurred while creating XML component HomeView
[2026-04-19 10:07:11.204] -- Tried to set nonexistent field "itemSpacings" of a "RowList" node
[2026-04-19 10:07:11.214]    at line 13 of file pkg:/components/HomeView.xml
[2026-04-19 10:07:11.214] -- Tried to set nonexistent field "itemSpacings" of a "RowList" node
[2026-04-19 10:07:11.214]    at line 13 of file pkg:/components/HomeView.xml
[2026-04-19 10:07:11.214] -- Tried to set nonexistent field "itemSpacings" of a "RowList" node
[2026-04-19 10:07:11.215]    at line 13 of file pkg:/components/HomeView.xml
[2026-04-19 10:07:11.215] -- Tried to set nonexistent field "itemSpacings" of a "RowList" node
[2026-04-19 10:07:11.215]    at line 13 of file pkg:/components/HomeView.xml
[2026-04-19 10:07:11.215] -- Tried to set nonexistent field "itemSpacings" of a "RowList" node
[2026-04-19 10:07:11.215]    at line 13 of file pkg:/components/HomeView.xml
[2026-04-19 10:07:11.215] -- Tried to set nonexistent field "itemSpacings" of a "RowList" node
[2026-04-19 10:07:11.215]    at line 13 of file pkg:/components/HomeView.xml
[2026-04-19 10:07:11.215] -- Tried to set nonexistent field "itemSpacings" of a "RowList" node
[2026-04-19 10:07:11.215]    at line 13 of file pkg:/components/HomeView.xml
[2026-04-19 10:07:11.215] -- Tried to set nonexistent field "rowItemFontUri" of a "RowList" node
[2026-04-19 10:07:11.215]    at line 13 of file pkg:/components/HomeView.xml
[2026-04-19 10:07:11.215] -- Tried to set nonexistent field "rowItemFontUri" of a "RowList" node
[2026-04-19 10:07:11.215]    at line 13 of file pkg:/components/HomeView.xml
[2026-04-19 10:07:11.215] -- Tried to set nonexistent field "rowItemFontUri" of a "RowList" node
[2026-04-19 10:07:11.216]    at line 13 of file pkg:/components/HomeView.xml
[2026-04-19 10:07:11.216] =================================================================
[2026-04-19 10:07:11.216] BRIGHTSCRIPT: ERROR: roRegex: Invalid pattern: pkg:/source/Utils.brs(5)
[2026-04-19 10:07:11.216] 
[2026-04-19 10:07:11.216] BrightScript Micro Debugger.
[2026-04-19 10:07:11.216] Enter any BrightScript statement, debug commands, or HELP.
[2026-04-19 10:07:11.216] 
[2026-04-19 10:07:11.216] Suspending threads...
[2026-04-19 10:07:11.216] 
[2026-04-19 10:07:11.216] Current Function:
[2026-04-19 10:07:11.216] 003:  function U_Trim(s as String) as String
[2026-04-19 10:07:11.217] 004:      if s = invalid then return ""
[2026-04-19 10:07:11.217] 005:      re = CreateObject("roRegex", "^[\s\u00A0]+|[\s\u00A0]+$", "g")
[2026-04-19 10:07:11.217] 006:*     return re.replaceAll(s, "")
[2026-04-19 10:07:11.217] 007:  end function
[2026-04-19 10:07:11.217] Source Digest(s): 
[2026-04-19 10:07:11.217] pkg:    dev 1.0.1 79c167d8 HydraHD
[2026-04-19 10:07:11.217] pkg: 632126 1.1.5 7e7fec9f libplayready
[2026-04-19 10:07:11.217] 
[2026-04-19 10:07:11.217] 'Dot' Operator attempted with invalid BrightScript Component or interface reference. (runtime error &hec) in pkg:/source/Utils.brs(6)
[2026-04-19 10:07:11.217] Backtrace:
[2026-04-19 10:07:11.217] #3  Function u_trim(s As String) As String
[2026-04-19 10:07:11.217]    file/line: pkg:/source/Utils.brs(6)
[2026-04-19 10:07:11.217] #2  Function ha_parsehomerows(html As String) As Object
[2026-04-19 10:07:11.217]    file/line: pkg:/source/HydraApi.brs(116)
[2026-04-19 10:07:11.217] #1  Function ha_fetchhome() As Object
[2026-04-19 10:07:11.218]    file/line: pkg:/source/HydraApi.brs(154)
[2026-04-19 10:07:11.218] #0  Function dowork() As Void
[2026-04-19 10:07:11.218]    file/line: pkg:/components/tasks/HomeTask.brs(6)
[2026-04-19 10:07:11.218] Local Variables:
[2026-04-19 10:07:11.218] s                roString (2.1 was String) refcnt=2 val:"Trending"
[2026-04-19 10:07:11.218] global           Interface:ifGlobal
[2026-04-19 10:07:11.218] m                roAssociativeArray refcnt=5 count:2
[2026-04-19 10:07:11.218] re               Invalid
[2026-04-19 10:07:11.218] Threads:
[2026-04-19 10:07:11.218] ID    Location                                Source Code
[2026-04-19 10:07:11.218]  0    pkg:/source/main.brs(18)                       msg = wait(0, port)
[2026-04-19 10:07:11.218]  1*   pkg:/source/Utils.brs(6)                   return re.replaceAll(s, "")
[2026-04-19 10:07:11.218]   *selected
[2026-04-19 10:07:11.218] Thread selected:  1*   pkg:/source/Utils.brs(6)                   return re.replaceAll(s, "")
[2026-04-19 10:07:11.218] 
[2026-04-19 10:07:11.218] Brightscript Debugger> Syntax Error. (compile error &h02) in $LIVECOMPILE(19)
[2026-04-19 10:07:11.218] 
[2026-04-19 10:07:11.218] Brightscript Debugger> Syntax Error. (compile error &h02) in $LIVECOMPILE(20)
[2026-04-19 10:07:11.219] 
[2026-04-19 10:07:11.219] Brightscript Debugger> Syntax Error. (compile error &h02) in $LIVECOMPILE(21)
[2026-04-19 10:07:11.219] 
[2026-04-19 10:07:11.219] Brightscript Debugger> 
[2026-04-19 10:07:11.219] Brightscript Debugger> 
[2026-04-19 10:07:11.219] Brightscript Debugger> 
[2026-04-19 10:07:11.219] Brightscript Debugger> Syntax Error. (compile error &h02) in $LIVECOMPILE(22)
[2026-04-19 10:07:11.219] 
[2026-04-19 10:07:11.219] Brightscript Debugger> 
[2026-04-19 10:07:11.219] 
[2026-04-19 10:07:11.219] Brightscript Debugger> Syntax Error. (compile error &h02) in $LIVECOMPILE(24)
[2026-04-19 10:07:11.219] 
[2026-04-19 10:07:11.219] Brightscript Debugger> 
[2026-04-19 10:07:11.219] Thread detached
[2026-04-19 10:07:11.219] 
[2026-04-19 10:07:11.219] Thread detached
[2026-04-19 10:07:11.219] 04-19 15:07:09.048 app  [beacon.signal] |AppExitComplete -----------> Duration(183 ms)
[2026-04-19 10:07:11.220] 04-19 15:07:09.048 app  [beacon.header] __________________________________________
[2026-04-19 10:07:11.220] 04-19 15:07:09.048 app  [beacon.report] |AppLaunchInitiate ---------> TimeBase(0 ms), InstantOn
[2026-04-19 10:07:11.220] 04-19 15:07:09.048 app  [beacon.report] |AppLaunchComplete ---------> Pended without Render
[2026-04-19 10:07:11.220] 04-19 15:07:09.048 app  [beacon.report] |AppSplashInitiate ---------> TimeBase(9 ms)
[2026-04-19 10:07:11.220] 04-19 15:07:09.048 app  [beacon.report] |AppSplashComplete ---------> Duration(3118 ms)
[2026-04-19 10:07:11.220] 04-19 15:07:09.048 app  [beacon.report] |AppExitInitiate -----------> TimeBase(94738 ms)
[2026-04-19 10:07:11.220] 04-19 15:07:09.048 app  [beacon.report] |AppExitComplete -----------> Duration(183 ms)
[2026-04-19 10:07:11.220] 04-19 15:07:09.048 app  [beacon.report] |AppLaunchChainInitiate ----> TimeBase(NotApplicable)
[2026-04-19 10:07:11.220] 04-19 15:07:09.048 app  [beacon.footer] __________________________________________
[2026-04-19 10:09:34.086] 04-19 15:09:53.426 app  [beacon.signal] |AppLaunchInitiate ---------> TimeBase(0 ms)
[2026-04-19 10:09:34.087] 04-19 15:09:53.426 app  [beacon.signal] |AppCompileInitiate --------> TimeBase(0 ms)
[2026-04-19 10:09:34.087] 04-19 15:09:53.432 app  [scrpt.cmpl] Compiling 'HydraHD', id 'dev'
[2026-04-19 10:09:34.087] 04-19 15:09:53.438 app  [scrpt.load.mkup] Loading markup dev 'HydraHD'
[2026-04-19 10:09:34.087] 04-19 15:09:53.440 app  [scrpt.unload.mkup] Unloading markup dev 'HydraHD'
[2026-04-19 10:09:34.087] 04-19 15:09:53.450 app  [scrpt.parse.mkup.time] Parsed markup dev 'HydraHD' in 11 milliseconds
[2026-04-19 10:09:34.087] 
[2026-04-19 10:09:34.087] ------ Compiling dev 'HydraHD' ------
[2026-04-19 10:09:34.135] BRIGHTSCRIPT: WARNING: unused variable 'sections' in function 'ha_parsehomerows' in pkg:/source/HydraApi.brs(106)
[2026-04-19 10:09:34.135] Displayed 1 of 1 warnings
[2026-04-19 10:09:34.135] 04-19 15:09:53.501 app  [scrpt.ctx.cmpl.time] Compiled 'HydraHD', id 'dev' in 51 ms (BCVer:0), thrd 3575
[2026-04-19 10:09:34.135] 04-19 15:09:53.502 app  [scrpt.proc.mkup.time] Processed markup dev 'HydraHD' in 0 milliseconds
[2026-04-19 10:09:34.181] 04-19 15:09:53.570 app  [beacon.signal] |AppCompileComplete --------> Duration(144 ms)
[2026-04-19 10:09:34.290] 04-19 15:09:53.618 app  [beacon.signal] |AppLaunchInitiate ---------> TimeBase(0 ms)
[2026-04-19 10:09:34.291] 04-19 15:09:53.624 app  [beacon.signal] |AppLaunchChainInitiate ----> TimeBase(NotApplicable)
[2026-04-19 10:09:34.291] 04-19 15:09:53.633 app  [beacon.signal] |AppSplashInitiate ---------> TimeBase(14 ms)
[2026-04-19 10:09:34.930] 04-19 15:09:54.261 sdkl [beacon.signal] |AppLaunchInitiate ---------> TimeBase(0 ms)
[2026-04-19 10:09:34.930] 04-19 15:09:54.283 sdkl [scrpt.cmpl] Compiling 'HydraHD', id 'dev'
[2026-04-19 10:09:34.930] 04-19 15:09:54.294 sdkl [scrpt.load.mkup] Loading markup dev 'HydraHD'
[2026-04-19 10:09:34.930] 04-19 15:09:54.295 sdkl [scrpt.unload.mkup] Unloading markup dev 'HydraHD'
[2026-04-19 10:09:34.930] 04-19 15:09:54.315 sdkl [scrpt.parse.mkup.time] Parsed markup dev 'HydraHD' in 22 milliseconds
[2026-04-19 10:09:34.930] 
[2026-04-19 10:09:34.930] ------ Compiling dev 'HydraHD' ------
[2026-04-19 10:09:35.087] BRIGHTSCRIPT: WARNING: unused variable 'sections' in function 'ha_parsehomerows' in pkg:/source/HydraApi.brs(106)
[2026-04-19 10:09:35.087] Displayed 1 of 1 warnings
[2026-04-19 10:09:35.087] 04-19 15:09:54.419 sdkl [scrpt.ctx.cmpl.time] Compiled 'HydraHD', id 'dev' in 103 ms (BCVer:0), thrd 11658
[2026-04-19 10:09:35.088] 04-19 15:09:54.420 sdkl [scrpt.proc.mkup.time] Processed markup dev 'HydraHD' in 0 milliseconds
[2026-04-19 10:09:35.088] 04-19 15:09:54.428 sdkl [beacon.signal] |AppCompileComplete --------> Duration(154 ms)
[2026-04-19 10:09:35.134] 04-19 15:09:54.520 app  [beacon.signal] |AppSplashComplete ---------> Duration(887 ms)
[2026-04-19 10:09:35.466] 
[2026-04-19 10:09:35.513] ------ Running dev 'HydraHD' main ------
[2026-04-19 10:09:35.513] 04-19 15:09:54.863 sdkl [scrpt.ctx.run.enter] UI: Entering 'HydraHD', id 'dev', thrd 11637
[2026-04-19 10:09:35.513] 04-19 15:09:54.874 sdkl [beacon.signal] |AppLaunchChainComplete ----> Duration(693 ms)
[2026-04-19 10:09:36.926] =================================================================
[2026-04-19 10:09:36.926] Warnings occurred while creating XML component PosterItem
[2026-04-19 10:09:36.926] -- Tried to set nonexistent field "backgroundColor" of a "Label" node
[2026-04-19 10:09:36.926]    at line 56 of file pkg:/components/PosterItem.xml
[2026-04-19 10:09:36.927] =================================================================
[2026-04-19 10:09:36.927] =================================================================
[2026-04-19 10:09:36.927] Warnings occurred while creating XML component PosterItem
[2026-04-19 10:09:36.927] -- Tried to set nonexistent field "backgroundColor" of a "Label" node
[2026-04-19 10:09:36.927]    at line 56 of file pkg:/components/PosterItem.xml
[2026-04-19 10:09:36.927] =================================================================
[2026-04-19 10:09:36.928] =================================================================
[2026-04-19 10:09:36.928] Warnings occurred while creating XML component PosterItem
[2026-04-19 10:09:36.928] -- Tried to set nonexistent field "backgroundColor" of a "Label" node
[2026-04-19 10:09:36.928]    at line 56 of file pkg:/components/PosterItem.xml
[2026-04-19 10:09:36.928] =================================================================
[2026-04-19 10:09:36.928] =================================================================
[2026-04-19 10:09:36.928] Warnings occurred while creating XML component PosterItem
[2026-04-19 10:09:36.929] -- Tried to set nonexistent field "backgroundColor" of a "Label" node
[2026-04-19 10:09:36.929]    at line 56 of file pkg:/components/PosterItem.xml
[2026-04-19 10:09:36.929] =================================================================
[2026-04-19 10:09:36.929] =================================================================
[2026-04-19 10:09:36.929] Warnings occurred while creating XML component PosterItem
[2026-04-19 10:09:36.929] -- Tried to set nonexistent field "backgroundColor" of a "Label" node
[2026-04-19 10:09:36.929]    at line 56 of file pkg:/components/PosterItem.xml
[2026-04-19 10:09:36.929] =================================================================
[2026-04-19 10:09:36.929] =================================================================
[2026-04-19 10:09:36.930] Warnings occurred while creating XML component PosterItem
[2026-04-19 10:09:36.930] -- Tried to set nonexistent field "backgroundColor" of a "Label" node
[2026-04-19 10:09:36.930]    at line 56 of file pkg:/components/PosterItem.xml
[2026-04-19 10:09:36.930] =================================================================
[2026-04-19 10:09:36.973] =================================================================
[2026-04-19 10:09:36.974] Warnings occurred while creating XML component PosterItem
[2026-04-19 10:09:36.974] -- Tried to set nonexistent field "backgroundColor" of a "Label" node
[2026-04-19 10:09:36.974]    at line 56 of file pkg:/components/PosterItem.xml
[2026-04-19 10:09:36.974] =================================================================
[2026-04-19 10:09:36.974] =================================================================
[2026-04-19 10:09:36.974] Warnings occurred while creating XML component PosterItem
[2026-04-19 10:09:36.974] -- Tried to set nonexistent field "backgroundColor" of a "Label" node
[2026-04-19 10:09:36.974]    at line 56 of file pkg:/components/PosterItem.xml
[2026-04-19 10:09:36.974] =================================================================
[2026-04-19 10:09:36.975] =================================================================
[2026-04-19 10:09:36.975] Warnings occurred while creating XML component PosterItem
[2026-04-19 10:09:36.975] -- Tried to set nonexistent field "backgroundColor" of a "Label" node
[2026-04-19 10:09:36.975]    at line 56 of file pkg:/components/PosterItem.xml
[2026-04-19 10:09:36.975] =================================================================
[2026-04-19 10:09:36.975] =================================================================
[2026-04-19 10:09:36.975] Warnings occurred while creating XML component PosterItem
[2026-04-19 10:09:36.975] -- Tried to set nonexistent field "backgroundColor" of a "Label" node
[2026-04-19 10:09:36.975]    at line 56 of file pkg:/components/PosterItem.xml
[2026-04-19 10:09:36.975] =================================================================
[2026-04-19 10:09:36.975] =================================================================
[2026-04-19 10:09:36.975] Warnings occurred while creating XML component PosterItem
[2026-04-19 10:09:36.975] -- Tried to set nonexistent field "backgroundColor" of a "Label" node
[2026-04-19 10:09:36.975]    at line 56 of file pkg:/components/PosterItem.xml
[2026-04-19 10:09:36.975] =================================================================
[2026-04-19 10:09:36.975] =================================================================
[2026-04-19 10:09:36.975] Warnings occurred while creating XML component PosterItem
[2026-04-19 10:09:36.975] -- Tried to set nonexistent field "backgroundColor" of a "Label" node
[2026-04-19 10:09:36.975]    at line 56 of file pkg:/components/PosterItem.xml
[2026-04-19 10:09:36.975] =================================================================
[2026-04-19 10:09:37.032] =================================================================
[2026-04-19 10:09:37.032] Warnings occurred while creating XML component PosterItem
[2026-04-19 10:09:37.032] -- Tried to set nonexistent field "backgroundColor" of a "Label" node
[2026-04-19 10:09:37.032]    at line 56 of file pkg:/components/PosterItem.xml
[2026-04-19 10:09:37.032] =================================================================
[2026-04-19 10:09:37.032] =================================================================
[2026-04-19 10:09:37.033] Warnings occurred while creating XML component PosterItem
[2026-04-19 10:09:37.033] -- Tried to set nonexistent field "backgroundColor" of a "Label" node
[2026-04-19 10:09:37.033]    at line 56 of file pkg:/components/PosterItem.xml
[2026-04-19 10:09:37.033] =================================================================
[2026-04-19 10:09:37.033] =================================================================
[2026-04-19 10:09:37.033] Warnings occurred while creating XML component PosterItem
[2026-04-19 10:09:37.033] -- Tried to set nonexistent field "backgroundColor" of a "Label" node
[2026-04-19 10:09:37.033]    at line 56 of file pkg:/components/PosterItem.xml
[2026-04-19 10:09:37.033] =================================================================
[2026-04-19 10:09:37.034] =================================================================
[2026-04-19 10:09:37.034] Warnings occurred while creating XML component PosterItem
[2026-04-19 10:09:37.034] -- Tried to set nonexistent field "backgroundColor" of a "Label" node
[2026-04-19 10:09:37.034]    at line 56 of file pkg:/components/PosterItem.xml
[2026-04-19 10:09:37.034] =================================================================
[2026-04-19 10:09:37.656] =================================================================
[2026-04-19 10:09:37.656] Warnings occurred while creating XML component PosterItem
[2026-04-19 10:09:37.657] -- Tried to set nonexistent field "backgroundColor" of a "Label" node
[2026-04-19 10:09:37.657]    at line 56 of file pkg:/components/PosterItem.xml
[2026-04-19 10:09:37.657] =================================================================
[2026-04-19 10:09:37.657] =================================================================
[2026-04-19 10:09:37.657] Warnings occurred while creating XML component PosterItem
[2026-04-19 10:09:37.658] -- Tried to set nonexistent field "backgroundColor" of a "Label" node
[2026-04-19 10:09:37.658]    at line 56 of file pkg:/components/PosterItem.xml
[2026-04-19 10:09:37.658] =================================================================
[2026-04-19 10:09:37.658] =================================================================
[2026-04-19 10:09:37.658] Warnings occurred while creating XML component PosterItem
[2026-04-19 10:09:37.658] -- Tried to set nonexistent field "backgroundColor" of a "Label" node
[2026-04-19 10:09:37.658]    at line 56 of file pkg:/components/PosterItem.xml
[2026-04-19 10:09:37.659] =================================================================
[2026-04-19 10:10:15.787] 04-19 15:10:35.133 app  [beacon.signal] |AppExitComplete -----------> Duration(38 ms)
[2026-04-19 10:10:15.788] 04-19 15:10:35.133 app  [beacon.header] __________________________________________
[2026-04-19 10:10:15.788] 04-19 15:10:35.133 app  [beacon.report] |AppLaunchInitiate ---------> TimeBase(0 ms), InstantOn
[2026-04-19 10:10:15.788] 04-19 15:10:35.133 app  [beacon.report] |AppLaunchComplete ---------> Pended without Render
[2026-04-19 10:10:15.788] 04-19 15:10:35.134 app  [beacon.report] |AppSplashInitiate ---------> TimeBase(14 ms)
[2026-04-19 10:10:15.788] 04-19 15:10:35.134 app  [beacon.report] |AppSplashComplete ---------> Duration(887 ms)
[2026-04-19 10:10:15.788] 04-19 15:10:35.134 app  [beacon.report] |AppExitInitiate -----------> TimeBase(41476 ms)
[2026-04-19 10:10:15.788] 04-19 15:10:35.134 app  [beacon.report] |AppExitComplete -----------> Duration(38 ms)
[2026-04-19 10:10:15.788] 04-19 15:10:35.134 app  [beacon.report] |AppLaunchChainInitiate ----> TimeBase(NotApplicable)
[2026-04-19 10:10:15.788] 04-19 15:10:35.134 app  [beacon.footer] __________________________________________
[2026-04-19 10:12:32.790] 04-19 15:12:52.131 app  [beacon.signal] |AppLaunchInitiate ---------> TimeBase(0 ms)
[2026-04-19 10:12:32.790] 04-19 15:12:52.131 app  [beacon.signal] |AppCompileInitiate --------> TimeBase(0 ms)
[2026-04-19 10:12:32.790] 04-19 15:12:52.136 app  [scrpt.cmpl] Compiling 'HydraHD', id 'dev'
[2026-04-19 10:12:32.790] 04-19 15:12:52.143 app  [scrpt.load.mkup] Loading markup dev 'HydraHD'
[2026-04-19 10:12:32.790] 04-19 15:12:52.144 app  [scrpt.unload.mkup] Unloading markup dev 'HydraHD'
[2026-04-19 10:12:32.790] 04-19 15:12:52.154 app  [scrpt.parse.mkup.time] Parsed markup dev 'HydraHD' in 11 milliseconds
[2026-04-19 10:12:32.791] 
[2026-04-19 10:12:32.791] ------ Compiling dev 'HydraHD' ------
[2026-04-19 10:12:32.791] 
[2026-04-19 10:12:32.791] =================================================================
[2026-04-19 10:12:32.791] Found 1 compile error
[2026-04-19 10:12:32.791] --- Syntax Error. (compile error &h02) in pkg:/components/MirrorItem.xml(30)
[2026-04-19 10:12:32.791] *** ERROR compiling MirrorItem:
[2026-04-19 10:12:32.791] 
[2026-04-19 10:12:32.791] 
[2026-04-19 10:12:32.791] =================================================================
[2026-04-19 10:12:32.791] An error occurred while attempting to compile the application's components:
[2026-04-19 10:12:32.791] -------> Compilation Failed.
[2026-04-19 10:12:32.791] MirrorItem
[2026-04-19 10:12:32.791] 
[2026-04-19 10:13:55.433] 04-19 15:14:14.769 app  [beacon.signal] |AppLaunchInitiate ---------> TimeBase(0 ms)
[2026-04-19 10:13:55.434] 04-19 15:14:14.769 app  [beacon.signal] |AppCompileInitiate --------> TimeBase(0 ms)
[2026-04-19 10:13:55.434] 04-19 15:14:14.775 app  [scrpt.cmpl] Compiling 'HydraHD', id 'dev'
[2026-04-19 10:13:55.434] 04-19 15:14:14.782 app  [scrpt.load.mkup] Loading markup dev 'HydraHD'
[2026-04-19 10:13:55.434] 04-19 15:14:14.783 app  [scrpt.unload.mkup] Unloading markup dev 'HydraHD'
[2026-04-19 10:13:55.434] 04-19 15:14:14.794 app  [scrpt.parse.mkup.time] Parsed markup dev 'HydraHD' in 11 milliseconds
[2026-04-19 10:13:55.434] 
[2026-04-19 10:13:55.434] ------ Compiling dev 'HydraHD' ------
[2026-04-19 10:13:55.489] 04-19 15:14:14.846 app  [scrpt.ctx.cmpl.time] Compiled 'HydraHD', id 'dev' in 52 ms (BCVer:0), thrd 3575
[2026-04-19 10:13:55.489] 04-19 15:14:14.846 app  [scrpt.proc.mkup.time] Processed markup dev 'HydraHD' in 0 milliseconds
[2026-04-19 10:13:55.537] 04-19 15:14:14.915 app  [beacon.signal] |AppCompileComplete --------> Duration(146 ms)
[2026-04-19 10:13:55.631] 04-19 15:14:14.972 app  [beacon.signal] |AppLaunchInitiate ---------> TimeBase(0 ms)
[2026-04-19 10:13:55.631] 04-19 15:14:14.973 app  [beacon.signal] |AppLaunchChainInitiate ----> TimeBase(NotApplicable)
[2026-04-19 10:13:55.631] 04-19 15:14:14.980 app  [beacon.signal] |AppSplashInitiate ---------> TimeBase(7 ms)
[2026-04-19 10:13:56.259] 04-19 15:14:15.606 sdkl [beacon.signal] |AppLaunchInitiate ---------> TimeBase(0 ms)
[2026-04-19 10:13:56.259] 04-19 15:14:15.628 sdkl [scrpt.cmpl] Compiling 'HydraHD', id 'dev'
[2026-04-19 10:13:56.260] 04-19 15:14:15.638 sdkl [scrpt.load.mkup] Loading markup dev 'HydraHD'
[2026-04-19 10:13:56.260] 04-19 15:14:15.640 sdkl [scrpt.unload.mkup] Unloading markup dev 'HydraHD'
[2026-04-19 10:13:56.260] 04-19 15:14:15.651 sdkl [scrpt.parse.mkup.time] Parsed markup dev 'HydraHD' in 12 milliseconds
[2026-04-19 10:13:56.260] 
[2026-04-19 10:13:56.260] ------ Compiling dev 'HydraHD' ------
[2026-04-19 10:13:56.366] 04-19 15:14:15.710 sdkl [scrpt.ctx.cmpl.time] Compiled 'HydraHD', id 'dev' in 58 ms (BCVer:0), thrd 12660
[2026-04-19 10:13:56.366] 04-19 15:14:15.711 sdkl [scrpt.proc.mkup.time] Processed markup dev 'HydraHD' in 0 milliseconds
[2026-04-19 10:13:56.366] 04-19 15:14:15.713 sdkl [beacon.signal] |AppCompileComplete --------> Duration(92 ms)
[2026-04-19 10:13:56.488] 04-19 15:14:15.833 app  [beacon.signal] |AppSplashComplete ---------> Duration(853 ms)
[2026-04-19 10:13:56.744] 
[2026-04-19 10:13:56.800] ------ Running dev 'HydraHD' main ------
[2026-04-19 10:13:56.800] 04-19 15:14:16.144 sdkl [scrpt.ctx.run.enter] UI: Entering 'HydraHD', id 'dev', thrd 12639
[2026-04-19 10:13:56.800] 04-19 15:14:16.156 sdkl [beacon.signal] |AppLaunchChainComplete ----> Duration(688 ms)
[2026-04-19 10:14:32.171] 
[2026-04-19 10:14:32.187] BrightScript Micro Debugger.
[2026-04-19 10:14:32.187] Enter any BrightScript statement, debug commands, or HELP.
[2026-04-19 10:14:32.187] 
[2026-04-19 10:14:32.188] Suspending threads...
[2026-04-19 10:14:32.188] 
[2026-04-19 10:14:32.188] Current Function:
[2026-04-19 10:14:32.188] 082:  sub onItemFocused()
[2026-04-19 10:14:32.188] 083:      idx = m.grid.itemFocused
[2026-04-19 10:14:32.188] 084:      if idx = invalid then return
[2026-04-19 10:14:32.188] 085:*     if idx >= m.items.Count() - 14 and not m.allDone then fetchPage()
[2026-04-19 10:14:32.189] 086:  end sub
[2026-04-19 10:14:32.189] Source Digest(s): 
[2026-04-19 10:14:32.189] pkg:    dev 1.0.1 360bfbf5 HydraHD
[2026-04-19 10:14:32.189] pkg: 632126 1.1.5 7e7fec9f libplayready
[2026-04-19 10:14:32.189] 
[2026-04-19 10:14:32.189] Interface not a member of BrightScript Component (runtime error &hf3) in pkg:/components/ListView.brs(85)
[2026-04-19 10:14:32.189] Backtrace:
[2026-04-19 10:14:32.190] #3  Function onitemfocused() As Void
[2026-04-19 10:14:32.190]    file/line: pkg:/components/ListView.brs(85)
[2026-04-19 10:14:32.190] #2  Function init() As Void
[2026-04-19 10:14:32.190]    file/line: pkg:/components/ListView.brs(10)
[2026-04-19 10:14:32.190] #1  Function pushview(viewname As String, args As Dynamic) As Void
[2026-04-19 10:14:32.190]    file/line: pkg:/components/MainScene.brs(40)
[2026-04-19 10:14:32.190] #0  Function onnavselected(event As Object) As Void
[2026-04-19 10:14:32.190]    file/line: pkg:/components/MainScene.brs(72)
[2026-04-19 10:14:32.191] Local Variables:
[2026-04-19 10:14:32.191] global           Interface:ifGlobal
[2026-04-19 10:14:32.191] m                roAssociativeArray refcnt=3 count:5
[2026-04-19 10:14:32.191] idx              roInt refcnt=2 val:-1 (&hFFFFFFFF)
[2026-04-19 10:14:32.191] Threads:
[2026-04-19 10:14:32.191] ID    Location                                Source Code
[2026-04-19 10:14:32.191]  0    pkg:/source/main.brs(18)                       msg = wait(0, port)
[2026-04-19 10:14:32.191]  1*   pkg:/components/ListView.brs(85)           if idx >= m.items.Count() - 14 and not m.allDone then fetchPage()
[2026-04-19 10:14:32.191]   *selected
[2026-04-19 10:14:32.191] Thread selected:  1*   pkg:/components/ListView.brs(85)           if idx >= m.items.Count() - 14 and not m.allDone then fetchPage()
[2026-04-19 10:14:32.233] 
[2026-04-19 10:17:43.481] Brightscript Debugger> 
[2026-04-19 10:17:43.535] Thread detached
[2026-04-19 10:17:44.194] 
[2026-04-19 10:17:44.241] Thread detached
[2026-04-19 10:17:44.241] 04-19 15:18:03.625 app  [beacon.signal] |AppExitComplete -----------> Duration(809 ms)
[2026-04-19 10:17:44.241] 04-19 15:18:03.625 app  [beacon.header] __________________________________________
[2026-04-19 10:17:44.241] 04-19 15:18:03.625 app  [beacon.report] |AppLaunchInitiate ---------> TimeBase(0 ms), InstantOn
[2026-04-19 10:17:44.242] 04-19 15:18:03.625 app  [beacon.report] |AppLaunchComplete ---------> Pended without Render
[2026-04-19 10:17:44.242] 04-19 15:18:03.625 app  [beacon.report] |AppSplashInitiate ---------> TimeBase(7 ms)
[2026-04-19 10:17:44.242] 04-19 15:18:03.625 app  [beacon.report] |AppSplashComplete ---------> Duration(853 ms)
[2026-04-19 10:17:44.242] 04-19 15:18:03.625 app  [beacon.report] |AppExitInitiate -----------> TimeBase(227843 ms)
[2026-04-19 10:17:44.242] 04-19 15:18:03.625 app  [beacon.report] |AppExitComplete -----------> Duration(809 ms)
[2026-04-19 10:17:44.242] 04-19 15:18:03.625 app  [beacon.report] |AppLaunchChainInitiate ----> TimeBase(NotApplicable)
[2026-04-19 10:17:44.242] 04-19 15:18:03.625 app  [beacon.footer] __________________________________________
[2026-04-19 10:21:02.323] 04-19 15:21:21.676 app  [beacon.signal] |AppLaunchInitiate ---------> TimeBase(0 ms)
[2026-04-19 10:21:02.323] 04-19 15:21:21.676 app  [beacon.signal] |AppCompileInitiate --------> TimeBase(1 ms)
[2026-04-19 10:21:02.324] 04-19 15:21:21.682 app  [scrpt.cmpl] Compiling 'HydraHD', id 'dev'
[2026-04-19 10:21:02.324] 04-19 15:21:21.689 app  [scrpt.load.mkup] Loading markup dev 'HydraHD'
[2026-04-19 10:21:02.324] 04-19 15:21:21.690 app  [scrpt.unload.mkup] Unloading markup dev 'HydraHD'
[2026-04-19 10:21:02.324] 04-19 15:21:21.700 app  [scrpt.parse.mkup.time] Parsed markup dev 'HydraHD' in 11 milliseconds
[2026-04-19 10:21:02.324] 
[2026-04-19 10:21:02.324] ------ Compiling dev 'HydraHD' ------
[2026-04-19 10:21:02.371] 04-19 15:21:21.752 app  [scrpt.ctx.cmpl.time] Compiled 'HydraHD', id 'dev' in 51 ms (BCVer:0), thrd 3575
[2026-04-19 10:21:02.371] 04-19 15:21:21.753 app  [scrpt.proc.mkup.time] Processed markup dev 'HydraHD' in 0 milliseconds
[2026-04-19 10:21:02.418] 04-19 15:21:21.821 app  [beacon.signal] |AppCompileComplete --------> Duration(144 ms)
[2026-04-19 10:21:02.528] 04-19 15:21:21.872 app  [beacon.signal] |AppLaunchInitiate ---------> TimeBase(0 ms)
[2026-04-19 10:21:02.529] 04-19 15:21:21.874 app  [beacon.signal] |AppLaunchChainInitiate ----> TimeBase(NotApplicable)
[2026-04-19 10:21:02.529] 04-19 15:21:21.883 app  [beacon.signal] |AppSplashInitiate ---------> TimeBase(11 ms)
[2026-04-19 10:21:03.198] 04-19 15:21:22.546 sdkl [beacon.signal] |AppLaunchInitiate ---------> TimeBase(0 ms)
[2026-04-19 10:21:03.198] 04-19 15:21:22.583 sdkl [scrpt.cmpl] Compiling 'HydraHD', id 'dev'
[2026-04-19 10:21:03.198] 04-19 15:21:22.594 sdkl [scrpt.load.mkup] Loading markup dev 'HydraHD'
[2026-04-19 10:21:03.198] 04-19 15:21:22.598 sdkl [scrpt.unload.mkup] Unloading markup dev 'HydraHD'
[2026-04-19 10:21:03.242] 04-19 15:21:22.616 sdkl [scrpt.parse.mkup.time] Parsed markup dev 'HydraHD' in 22 milliseconds
[2026-04-19 10:21:03.242] 
[2026-04-19 10:21:03.242] ------ Compiling dev 'HydraHD' ------
[2026-04-19 10:21:03.418] 04-19 15:21:22.744 sdkl [scrpt.ctx.cmpl.time] Compiled 'HydraHD', id 'dev' in 127 ms (BCVer:0), thrd 14279
[2026-04-19 10:21:03.418] 04-19 15:21:22.745 sdkl [scrpt.proc.mkup.time] Processed markup dev 'HydraHD' in 0 milliseconds
[2026-04-19 10:21:03.418] 04-19 15:21:22.748 sdkl [beacon.signal] |AppCompileComplete --------> Duration(177 ms)
[2026-04-19 10:21:03.419] 04-19 15:21:22.767 app  [beacon.signal] |AppSplashComplete ---------> Duration(884 ms)
[2026-04-19 10:21:03.723] 
[2026-04-19 10:21:03.775] ------ Running dev 'HydraHD' main ------
[2026-04-19 10:21:03.775] 04-19 15:21:23.132 sdkl [scrpt.ctx.run.enter] UI: Entering 'HydraHD', id 'dev', thrd 14258
[2026-04-19 10:21:03.776] 04-19 15:21:23.140 sdkl [beacon.signal] |AppLaunchChainComplete ----> Duration(722 ms)
[2026-04-19 10:26:07.725] 04-19 15:26:27.090 app  [beacon.signal] |AppExitComplete -----------> Duration(89 ms)
[2026-04-19 10:26:07.725] 04-19 15:26:27.090 app  [beacon.header] __________________________________________
[2026-04-19 10:26:07.725] 04-19 15:26:27.090 app  [beacon.report] |AppLaunchInitiate ---------> TimeBase(0 ms), InstantOn
[2026-04-19 10:26:07.726] 04-19 15:26:27.090 app  [beacon.report] |AppLaunchComplete ---------> Pended without Render
[2026-04-19 10:26:07.726] 04-19 15:26:27.090 app  [beacon.report] |AppSplashInitiate ---------> TimeBase(11 ms)
[2026-04-19 10:26:07.726] 04-19 15:26:27.090 app  [beacon.report] |AppSplashComplete ---------> Duration(884 ms)
[2026-04-19 10:26:07.726] 04-19 15:26:27.090 app  [beacon.report] |AppExitInitiate -----------> TimeBase(305129 ms)
[2026-04-19 10:26:07.726] 04-19 15:26:27.090 app  [beacon.report] |AppExitComplete -----------> Duration(89 ms)
[2026-04-19 10:26:07.726] 04-19 15:26:27.090 app  [beacon.report] |AppLaunchChainInitiate ----> TimeBase(NotApplicable)
[2026-04-19 10:26:07.726] 04-19 15:26:27.090 app  [beacon.footer] __________________________________________
[2026-04-19 10:43:28.209] 04-19 15:43:47.600 app  [beacon.signal] |AppLaunchInitiate ---------> TimeBase(0 ms)
[2026-04-19 10:43:28.209] 04-19 15:43:47.600 app  [beacon.signal] |AppCompileInitiate --------> TimeBase(0 ms)
[2026-04-19 10:43:28.210] 04-19 15:43:47.606 app  [scrpt.cmpl] Compiling 'HydraHD', id 'dev'
[2026-04-19 10:43:28.210] 04-19 15:43:47.612 app  [scrpt.load.mkup] Loading markup dev 'HydraHD'
[2026-04-19 10:43:28.210] 04-19 15:43:47.613 app  [scrpt.unload.mkup] Unloading markup dev 'HydraHD'
[2026-04-19 10:43:28.210] 04-19 15:43:47.623 app  [scrpt.parse.mkup.time] Parsed markup dev 'HydraHD' in 11 milliseconds
[2026-04-19 10:43:28.210] 
[2026-04-19 10:43:28.210] ------ Compiling dev 'HydraHD' ------
[2026-04-19 10:43:28.257] 04-19 15:43:47.676 app  [scrpt.ctx.cmpl.time] Compiled 'HydraHD', id 'dev' in 52 ms (BCVer:0), thrd 3575
[2026-04-19 10:43:28.257] 04-19 15:43:47.676 app  [scrpt.proc.mkup.time] Processed markup dev 'HydraHD' in 0 milliseconds
[2026-04-19 10:43:28.367] 04-19 15:43:47.745 app  [beacon.signal] |AppCompileComplete --------> Duration(146 ms)
[2026-04-19 10:43:28.414] 04-19 15:43:47.810 app  [beacon.signal] |AppLaunchInitiate ---------> TimeBase(0 ms)
[2026-04-19 10:43:28.414] 04-19 15:43:47.810 app  [beacon.signal] |AppLaunchChainInitiate ----> TimeBase(NotApplicable)
[2026-04-19 10:43:28.414] 04-19 15:43:47.822 app  [beacon.signal] |AppSplashInitiate ---------> TimeBase(12 ms)
[2026-04-19 10:43:29.255] 04-19 15:43:48.630 sdkl [beacon.signal] |AppLaunchInitiate ---------> TimeBase(0 ms)
[2026-04-19 10:43:29.255] 04-19 15:43:48.664 sdkl [scrpt.cmpl] Compiling 'HydraHD', id 'dev'
[2026-04-19 10:43:29.255] 04-19 15:43:48.673 sdkl [scrpt.load.mkup] Loading markup dev 'HydraHD'
[2026-04-19 10:43:29.255] 04-19 15:43:48.675 sdkl [scrpt.unload.mkup] Unloading markup dev 'HydraHD'
[2026-04-19 10:43:29.303] 04-19 15:43:48.690 sdkl [scrpt.parse.mkup.time] Parsed markup dev 'HydraHD' in 16 milliseconds
[2026-04-19 10:43:29.303] 
[2026-04-19 10:43:29.303] ------ Compiling dev 'HydraHD' ------
[2026-04-19 10:43:29.303] 04-19 15:43:48.709 app  [beacon.signal] |AppSplashComplete ---------> Duration(887 ms)
[2026-04-19 10:43:29.396] 04-19 15:43:48.778 sdkl [scrpt.ctx.cmpl.time] Compiled 'HydraHD', id 'dev' in 87 ms (BCVer:0), thrd 19401
[2026-04-19 10:43:29.396] 04-19 15:43:48.779 sdkl [scrpt.proc.mkup.time] Processed markup dev 'HydraHD' in 0 milliseconds
[2026-04-19 10:43:29.396] 04-19 15:43:48.782 sdkl [beacon.signal] |AppCompileComplete --------> Duration(126 ms)
[2026-04-19 10:43:29.629] 
[2026-04-19 10:43:29.678] ------ Running dev 'HydraHD' main ------
[2026-04-19 10:43:29.678] 04-19 15:43:49.061 sdkl [scrpt.ctx.run.enter] UI: Entering 'HydraHD', id 'dev', thrd 19379
[2026-04-19 10:43:29.679] 04-19 15:43:49.068 sdkl [beacon.signal] |AppLaunchChainComplete ----> Duration(873 ms)
[2026-04-19 10:46:06.045] [Player] starting https://lookmovie2.skin/stream/oSnmzp2_nBNvWJ46RjDBDg/kjhhiuahiuhgihdf/1776656774/69851760/master.m3u8 (referer=)
[2026-04-19 10:46:58.319] [Player] starting https://vip.1x2.space/playlist/fnkVGNHI8CGRitx98hvFDz3votgx9HuEst3XjSxsWNNU_tB3--BmcW8NB6y_4P2R1QKLr3M7qWem7rx4RkMdp_z6qtXCDqe2ZlTNKW-D2oNWpEF3ZYhOFyBGrikU/master.m3u8 (referer=)
[2026-04-19 10:47:03.016] [Player] starting https://vip.1x2.space/playlist/fnkVGNHI8CGRitx98hvFDz3votgx9HuEst3XjSxsWNNU_tB3--BmcW8NB6y_4P2R1QKLr3M7qWem7rx4RkMdp_z6qtXCDqe2ZlTNKW-D2oNWpEF3ZYhOFyBGrikU/master.m3u8 (referer=)
[2026-04-19 10:47:08.904] [Player] starting https://vip.1x2.space/playlist/fnkVGNHI8CGRitx98hvFDz3votgx9HuEst3XjSxsWNNU_tB3--BmcW8NB6y_4P2R1QKLr3M7qWem7rx4RkMdp_z6qtXCDqe2ZlTNKW-D2oNWpEF3ZYhOFyBGrikU/master.m3u8 (referer=)
[2026-04-19 10:48:23.839] [Player] starting https://vip.1x2.space/playlist/fnkVGNHI8CGRitx98hvFDz3votgx9HuEst3XjSxsWNNU_tB3--BmcW8NB6y_4P2R1QKLr3M7qWem7rx4RkMdp_z6qtXCDqe2ZlTNKW-D2oNWpEF3ZYhOFyBGrikU/master.m3u8 (referer=)
[2026-04-19 10:48:40.019] [Player] starting https://tik.1x2.space/playlist/L3lOGIKV-yyR3Y1-9hvFDTqwooI19XWE4IzS3XpuBoJU-t4l--BmcW8NB6y_4P2R1QKLr3M7qWem7rx4RkMdp_z6qtXCDqe2ZlTNKW-nUIqpOhCk8FAoigwgNzK_/master.m3u8 (referer=)
[2026-04-19 10:48:43.997] [Player] starting https://tik.1x2.space/playlist/L3lOGIKV-yyR3Y1-9hvFDTqwooI19XWE4IzS3XpuBoJU-t4l--BmcW8NB6y_4P2R1QKLr3M7qWem7rx4RkMdp_z6qtXCDqe2ZlTNKW-nUIqpOhCk8FAoigwgNzK_/master.m3u8 (referer=)
[2026-04-19 10:48:48.429] [Player] starting https://tik.1x2.space/playlist/L3lOGIKV-yyR3Y1-9hvFDTqwooI19XWE4IzS3XpuBoJU-t4l--BmcW8NB6y_4P2R1QKLr3M7qWem7rx4RkMdp_z6qtXCDqe2ZlTNKW-nUIqpOhCk8FAoigwgNzK_/master.m3u8 (referer=)
[2026-04-19 10:48:49.854] 04-19 15:49:09.236 app  [beacon.signal] |AppExitComplete -----------> Duration(33 ms)
[2026-04-19 10:48:49.854] 04-19 15:49:09.236 app  [beacon.header] __________________________________________
[2026-04-19 10:48:49.855] 04-19 15:49:09.236 app  [beacon.report] |AppLaunchInitiate ---------> TimeBase(0 ms), InstantOn
[2026-04-19 10:48:49.855] 04-19 15:49:09.236 app  [beacon.report] |AppLaunchComplete ---------> Pended without Render
[2026-04-19 10:48:49.855] 04-19 15:49:09.236 app  [beacon.report] |AppSplashInitiate ---------> TimeBase(12 ms)
[2026-04-19 10:48:49.855] 04-19 15:49:09.236 app  [beacon.report] |AppSplashComplete ---------> Duration(887 ms)
[2026-04-19 10:48:49.855] 04-19 15:49:09.236 app  [beacon.report] |AppExitInitiate -----------> TimeBase(321393 ms)
[2026-04-19 10:48:49.855] 04-19 15:49:09.236 app  [beacon.report] |AppExitComplete -----------> Duration(33 ms)
[2026-04-19 10:48:49.856] 04-19 15:49:09.236 app  [beacon.report] |AppLaunchChainInitiate ----> TimeBase(NotApplicable)
[2026-04-19 10:48:49.856] 04-19 15:49:09.237 app  [beacon.footer] __________________________________________
[2026-04-19 10:48:55.515] 04-19 15:49:14.901 app  [beacon.signal] |AppLaunchInitiate ---------> TimeBase(0 ms)
[2026-04-19 10:48:55.515] 04-19 15:49:14.902 app  [beacon.signal] |AppLaunchChainInitiate ----> TimeBase(NotApplicable)
[2026-04-19 10:48:55.516] 04-19 15:49:14.943 app  [beacon.signal] |AppSplashInitiate ---------> TimeBase(42 ms)
[2026-04-19 10:48:56.302] 04-19 15:49:15.686 sdkl [beacon.signal] |AppLaunchInitiate ---------> TimeBase(0 ms)
[2026-04-19 10:48:56.302] 04-19 15:49:15.711 sdkl [scrpt.cmpl] Compiling 'HydraHD', id 'dev'
[2026-04-19 10:48:56.303] 04-19 15:49:15.736 app  [beacon.signal] |AppSplashComplete ---------> Duration(793 ms)
[2026-04-19 10:48:56.349] 04-19 15:49:15.748 sdkl [beacon.signal] |AppCompileComplete --------> Duration(46 ms)
[2026-04-19 10:48:56.869] 
[2026-04-19 10:48:56.915] ------ Running dev 'HydraHD' main ------
[2026-04-19 10:48:56.915] 04-19 15:49:16.308 sdkl [scrpt.ctx.run.enter] UI: Entering 'HydraHD', id 'dev', thrd 21525
[2026-04-19 10:48:56.915] 04-19 15:49:16.316 sdkl [beacon.signal] |AppLaunchChainComplete ----> Duration(830 ms)
[2026-04-19 10:49:08.998] [Player] starting https://tik.1x2.space/playlist/IiwSHtLD8CyR290qoRvFXjC1ooI0o3aEttjSi35uU44G_4om--BmcW8NB6y_4P2R1QKLr3M7qWem7rx4RkMdp_z6qtXCDqe2ZlTNKW8PTTJ4U7Du0c-dTpQR2UI5/master.m3u8 (referer=)
[2026-04-19 10:49:15.510] [Player] starting https://tik.1x2.space/playlist/IiwSHtLD8CyR290qoRvFXjC1ooI0o3aEttjSi35uU44G_4om--BmcW8NB6y_4P2R1QKLr3M7qWem7rx4RkMdp_z6qtXCDqe2ZlTNKW8PTTJ4U7Du0c-dTpQR2UI5/master.m3u8 (referer=)
[2026-04-19 10:49:20.721] [Player] starting https://tik.1x2.space/playlist/IiwSHtLD8CyR290qoRvFXjC1ooI0o3aEttjSi35uU44G_4om--BmcW8NB6y_4P2R1QKLr3M7qWem7rx4RkMdp_z6qtXCDqe2ZlTNKW8PTTJ4U7Du0c-dTpQR2UI5/master.m3u8 (referer=)
[2026-04-19 10:49:30.227] [Player] starting https://lookmovie2.skin/stream/YsJAt6bL07YWenHkKEQ1bw/kjhhiuahiuhgihdf/1776656964/69851760/master.m3u8 (referer=)
[2026-04-19 10:53:57.332] 04-19 15:54:16.728 app  [beacon.signal] |AppExitComplete -----------> Duration(110 ms)
[2026-04-19 10:53:57.332] 04-19 15:54:16.728 app  [beacon.header] __________________________________________
[2026-04-19 10:53:57.332] 04-19 15:54:16.728 app  [beacon.report] |AppLaunchInitiate ---------> TimeBase(0 ms), InstantOn
[2026-04-19 10:53:57.333] 04-19 15:54:16.728 app  [beacon.report] |AppLaunchComplete ---------> Pended without Render
[2026-04-19 10:53:57.333] 04-19 15:54:16.728 app  [beacon.report] |AppSplashInitiate ---------> TimeBase(42 ms)
[2026-04-19 10:53:57.333] 04-19 15:54:16.728 app  [beacon.report] |AppSplashComplete ---------> Duration(793 ms)
[2026-04-19 10:53:57.333] 04-19 15:54:16.728 app  [beacon.report] |AppExitInitiate -----------> TimeBase(301717 ms)
[2026-04-19 10:53:57.333] 04-19 15:54:16.728 app  [beacon.report] |AppExitComplete -----------> Duration(110 ms)
[2026-04-19 10:53:57.333] 04-19 15:54:16.729 app  [beacon.report] |AppLaunchChainInitiate ----> TimeBase(NotApplicable)
[2026-04-19 10:53:57.334] 04-19 15:54:16.729 app  [beacon.footer] __________________________________________
[2026-04-19 10:54:05.501] 04-19 15:54:24.893 app  [beacon.signal] |AppLaunchInitiate ---------> TimeBase(0 ms)
[2026-04-19 10:54:05.502] 04-19 15:54:24.893 app  [beacon.signal] |AppCompileInitiate --------> TimeBase(0 ms)
[2026-04-19 10:54:05.502] 04-19 15:54:24.899 app  [scrpt.cmpl] Compiling 'HydraHD', id 'dev'
[2026-04-19 10:54:05.502] 04-19 15:54:24.906 app  [scrpt.load.mkup] Loading markup dev 'HydraHD'
[2026-04-19 10:54:05.502] 04-19 15:54:24.908 app  [scrpt.unload.mkup] Unloading markup dev 'HydraHD'
[2026-04-19 10:54:05.502] 04-19 15:54:24.919 app  [scrpt.parse.mkup.time] Parsed markup dev 'HydraHD' in 12 milliseconds
[2026-04-19 10:54:05.502] 
[2026-04-19 10:54:05.503] ------ Compiling dev 'HydraHD' ------
[2026-04-19 10:54:05.547] 04-19 15:54:24.973 app  [scrpt.ctx.cmpl.time] Compiled 'HydraHD', id 'dev' in 53 ms (BCVer:0), thrd 3575
[2026-04-19 10:54:05.547] 04-19 15:54:24.973 app  [scrpt.proc.mkup.time] Processed markup dev 'HydraHD' in 0 milliseconds
[2026-04-19 10:54:05.656] 04-19 15:54:25.045 app  [beacon.signal] |AppCompileComplete --------> Duration(152 ms)
[2026-04-19 10:54:05.703] 04-19 15:54:25.101 app  [beacon.signal] |AppLaunchInitiate ---------> TimeBase(0 ms)
[2026-04-19 10:54:05.703] 04-19 15:54:25.103 app  [beacon.signal] |AppLaunchChainInitiate ----> TimeBase(NotApplicable)
[2026-04-19 10:54:05.703] 04-19 15:54:25.119 app  [beacon.signal] |AppSplashInitiate ---------> TimeBase(18 ms)
[2026-04-19 10:54:06.556] 04-19 15:54:25.941 app  [beacon.signal] |AppSplashComplete ---------> Duration(822 ms)
[2026-04-19 10:54:06.775] 04-19 15:54:26.171 sdkl [beacon.signal] |AppLaunchInitiate ---------> TimeBase(0 ms)
[2026-04-19 10:54:06.775] 04-19 15:54:26.196 sdkl [scrpt.cmpl] Compiling 'HydraHD', id 'dev'
[2026-04-19 10:54:06.775] 04-19 15:54:26.205 sdkl [scrpt.load.mkup] Loading markup dev 'HydraHD'
[2026-04-19 10:54:06.775] 04-19 15:54:26.207 sdkl [scrpt.unload.mkup] Unloading markup dev 'HydraHD'
[2026-04-19 10:54:06.822] 04-19 15:54:26.226 sdkl [scrpt.parse.mkup.time] Parsed markup dev 'HydraHD' in 20 milliseconds
[2026-04-19 10:54:06.822] 
[2026-04-19 10:54:06.822] ------ Compiling dev 'HydraHD' ------
[2026-04-19 10:54:06.869] 04-19 15:54:26.304 sdkl [scrpt.ctx.cmpl.time] Compiled 'HydraHD', id 'dev' in 77 ms (BCVer:0), thrd 23392
[2026-04-19 10:54:06.870] 04-19 15:54:26.305 sdkl [scrpt.proc.mkup.time] Processed markup dev 'HydraHD' in 0 milliseconds
[2026-04-19 10:54:06.870] 04-19 15:54:26.308 sdkl [beacon.signal] |AppCompileComplete --------> Duration(121 ms)
[2026-04-19 10:54:07.111] 
[2026-04-19 10:54:07.166] ------ Running dev 'HydraHD' main ------
[2026-04-19 10:54:07.167] 04-19 15:54:26.555 sdkl [scrpt.ctx.run.enter] UI: Entering 'HydraHD', id 'dev', thrd 23362
[2026-04-19 10:54:07.167] 04-19 15:54:26.563 sdkl [beacon.signal] |AppLaunchChainComplete ----> Duration(1127 ms)
[2026-04-19 10:54:29.636] =================================================================
[2026-04-19 10:54:29.636] Warning occurred while setting a field of an RoSGNode
[2026-04-19 10:54:29.636] -- Tried to set nonexistent field "httpuseragent" of a "ContentNode" node
[2026-04-19 10:54:29.636]    at line 108 of file pkg:/components/PlayerView.brs
[2026-04-19 10:54:29.636] =================================================================
[2026-04-19 10:54:29.637] [Player] starting https://tik.1x2.space/playlist/IiwSHtLD8CyR290qoRvFXjC1ooI0o3aEttjSi35uU44G_4om--BmcW8NB6y_4P2R1QKLr3M7qWem7rx4RkMdp_z6qtXCDqe2ZlTNKW8PTTJ4U7Du0c-dTpQR2UI5/master.m3u8 (referer=https://play.xpass.top/)
[2026-04-19 10:54:35.711] =================================================================
[2026-04-19 10:54:35.712] Warning occurred while setting a field of an RoSGNode
[2026-04-19 10:54:35.712] -- Tried to set nonexistent field "httpuseragent" of a "ContentNode" node
[2026-04-19 10:54:35.712]    at line 108 of file pkg:/components/PlayerView.brs
[2026-04-19 10:54:35.712] =================================================================
[2026-04-19 10:54:35.712] [Player] starting https://tik.1x2.space/playlist/IiwSHtLD8CyR290qoRvFXjC1ooI0o3aEttjSi35uU44G_4om--BmcW8NB6y_4P2R1QKLr3M7qWem7rx4RkMdp_z6qtXCDqe2ZlTNKW8PTTJ4U7Du0c-dTpQR2UI5/master.m3u8 (referer=https://play.xpass.top/)
[2026-04-19 10:54:45.911] =================================================================
[2026-04-19 10:54:45.912] Warning occurred while setting a field of an RoSGNode
[2026-04-19 10:54:45.912] -- Tried to set nonexistent field "httpuseragent" of a "ContentNode" node
[2026-04-19 10:54:45.912]    at line 108 of file pkg:/components/PlayerView.brs
[2026-04-19 10:54:45.912] =================================================================
[2026-04-19 10:54:45.912] [Player] starting https://tik.1x2.space/playlist/IiwSHtLD8CyR290qoRvFXjC1ooI0o3aEttjSi35uU44G_4om--BmcW8NB6y_4P2R1QKLr3M7qWem7rx4RkMdp_z6qtXCDqe2ZlTNKW8PTTJ4U7Du0c-dTpQR2UI5/master.m3u8 (referer=https://play.xpass.top/)
[2026-04-19 10:55:03.013] =================================================================
[2026-04-19 10:55:03.013] Warning occurred while setting a field of an RoSGNode
[2026-04-19 10:55:03.013] -- Tried to set nonexistent field "httpuseragent" of a "ContentNode" node
[2026-04-19 10:55:03.014]    at line 108 of file pkg:/components/PlayerView.brs
[2026-04-19 10:55:03.014] =================================================================
[2026-04-19 10:55:03.014] [Player] starting https://tik.1x2.space/playlist/L3lOGIKV-yyR3Y1-9hvFDTqwooI19XWE4IzS3XpuBoJU-t4l--BmcW8NB6y_4P2R1QKLr3M7qWem7rx4RkMdp_z6qtXCDqe2ZlTNKW-nUIqpOhCk8FAoigwgNzK_/master.m3u8 (referer=https://play.xpass.top/)
[2026-04-19 10:55:11.387] =================================================================
[2026-04-19 10:55:11.387] Warning occurred while setting a field of an RoSGNode
[2026-04-19 10:55:11.387] -- Tried to set nonexistent field "httpuseragent" of a "ContentNode" node
[2026-04-19 10:55:11.387]    at line 108 of file pkg:/components/PlayerView.brs
[2026-04-19 10:55:11.388] =================================================================
[2026-04-19 10:55:11.388] [Player] starting https://tik.1x2.space/playlist/fyRDTtyR-yKR290rphvFVz3vooMx8XaE5Y6B2nZtWNIBqdF3--BmcW8NB6y_4P2R1QKLr3M7qWem7rx4RkMdp_z6qtXCDqe2ZlTNKW-snTWE0rcZOSLTyNiilfho/master.m3u8 (referer=https://play.xpass.top/)
[2026-04-19 10:55:16.213] =================================================================
[2026-04-19 10:55:16.251] Warning occurred while setting a field of an RoSGNode
[2026-04-19 10:55:16.251] -- Tried to set nonexistent field "httpuseragent" of a "ContentNode" node
[2026-04-19 10:55:16.251]    at line 108 of file pkg:/components/PlayerView.brs
[2026-04-19 10:55:16.251] =================================================================
[2026-04-19 10:55:16.252] [Player] starting https://lookmovie2.skin/stream/nfqFdnxsCCRV1n51wZ17dg/kjhhiuahiuhgihdf/1776657245/69851760/master.m3u8 (referer=https://lookmovie2.skin/)
[2026-04-19 10:55:27.018] =================================================================
[2026-04-19 10:55:27.018] Warning occurred while setting a field of an RoSGNode
[2026-04-19 10:55:27.018] -- Tried to set nonexistent field "httpuseragent" of a "ContentNode" node
[2026-04-19 10:55:27.018]    at line 108 of file pkg:/components/PlayerView.brs
[2026-04-19 10:55:27.018] =================================================================
[2026-04-19 10:55:27.019] [Player] starting https://lookmovie2.skin/stream/fSH3ogs22KfRDu3xUkcEuA/kjhhiuahiuhgihdf/1776657340/69851760/master.m3u8 (referer=https://lookmovie2.skin/)
[2026-04-19 10:58:52.390] 04-19 15:59:11.788 app  [beacon.signal] |AppExitComplete -----------> Duration(126 ms)
[2026-04-19 10:58:52.390] 04-19 15:59:11.788 app  [beacon.header] __________________________________________
[2026-04-19 10:58:52.390] 04-19 15:59:11.788 app  [beacon.report] |AppLaunchInitiate ---------> TimeBase(0 ms), InstantOn
[2026-04-19 10:58:52.390] 04-19 15:59:11.788 app  [beacon.report] |AppLaunchComplete ---------> Pended without Render
[2026-04-19 10:58:52.390] 04-19 15:59:11.788 app  [beacon.report] |AppSplashInitiate ---------> TimeBase(18 ms)
[2026-04-19 10:58:52.390] 04-19 15:59:11.788 app  [beacon.report] |AppSplashComplete ---------> Duration(822 ms)
[2026-04-19 10:58:52.390] 04-19 15:59:11.788 app  [beacon.report] |AppExitInitiate -----------> TimeBase(286561 ms)
[2026-04-19 10:58:52.390] 04-19 15:59:11.788 app  [beacon.report] |AppExitComplete -----------> Duration(126 ms)
[2026-04-19 10:58:52.390] 04-19 15:59:11.788 app  [beacon.report] |AppLaunchChainInitiate ----> TimeBase(NotApplicable)
[2026-04-19 10:58:52.390] 04-19 15:59:11.788 app  [beacon.footer] __________________________________________
[2026-04-19 11:01:39.849] 04-19 16:01:59.242 app  [beacon.signal] |AppLaunchInitiate ---------> TimeBase(0 ms)
[2026-04-19 11:01:39.849] 04-19 16:01:59.242 app  [beacon.signal] |AppCompileInitiate --------> TimeBase(0 ms)
[2026-04-19 11:01:39.849] 04-19 16:01:59.248 app  [scrpt.cmpl] Compiling 'HydraHD', id 'dev'
[2026-04-19 11:01:39.849] 04-19 16:01:59.254 app  [scrpt.load.mkup] Loading markup dev 'HydraHD'
[2026-04-19 11:01:39.849] 04-19 16:01:59.255 app  [scrpt.unload.mkup] Unloading markup dev 'HydraHD'
[2026-04-19 11:01:39.849] 04-19 16:01:59.265 app  [scrpt.parse.mkup.time] Parsed markup dev 'HydraHD' in 11 milliseconds
[2026-04-19 11:01:39.850] 
[2026-04-19 11:01:39.850] ------ Compiling dev 'HydraHD' ------
[2026-04-19 11:01:39.895] 04-19 16:01:59.317 app  [scrpt.ctx.cmpl.time] Compiled 'HydraHD', id 'dev' in 51 ms (BCVer:0), thrd 3575
[2026-04-19 11:01:39.895] 04-19 16:01:59.318 app  [scrpt.proc.mkup.time] Processed markup dev 'HydraHD' in 0 milliseconds
[2026-04-19 11:01:39.943] 04-19 16:01:59.386 app  [beacon.signal] |AppCompileComplete --------> Duration(144 ms)
[2026-04-19 11:01:40.052] 04-19 16:01:59.435 app  [beacon.signal] |AppLaunchInitiate ---------> TimeBase(0 ms)
[2026-04-19 11:01:40.052] 04-19 16:01:59.447 app  [beacon.signal] |AppLaunchChainInitiate ----> TimeBase(NotApplicable)
[2026-04-19 11:01:40.052] 04-19 16:01:59.458 app  [beacon.signal] |AppSplashInitiate ---------> TimeBase(24 ms)
[2026-04-19 11:01:40.878] 04-19 16:02:00.276 app  [beacon.signal] |AppSplashComplete ---------> Duration(817 ms)
[2026-04-19 11:01:40.925] 04-19 16:02:00.346 sdkl [beacon.signal] |AppLaunchInitiate ---------> TimeBase(0 ms)
[2026-04-19 11:01:40.970] 04-19 16:02:00.404 sdkl [scrpt.cmpl] Compiling 'HydraHD', id 'dev'
[2026-04-19 11:01:41.022] 04-19 16:02:00.436 sdkl [scrpt.load.mkup] Loading markup dev 'HydraHD'
[2026-04-19 11:01:41.022] 04-19 16:02:00.441 sdkl [scrpt.unload.mkup] Unloading markup dev 'HydraHD'
[2026-04-19 11:01:41.022] 04-19 16:02:00.468 sdkl [scrpt.parse.mkup.time] Parsed markup dev 'HydraHD' in 32 milliseconds
[2026-04-19 11:01:41.107] 
[2026-04-19 11:01:41.107] ------ Compiling dev 'HydraHD' ------
[2026-04-19 11:01:41.158] 04-19 16:02:00.536 sdkl [scrpt.ctx.cmpl.time] Compiled 'HydraHD', id 'dev' in 66 ms (BCVer:0), thrd 25926
[2026-04-19 11:01:41.158] 04-19 16:02:00.537 sdkl [scrpt.proc.mkup.time] Processed markup dev 'HydraHD' in 0 milliseconds
[2026-04-19 11:01:41.158] 04-19 16:02:00.539 sdkl [beacon.signal] |AppCompileComplete --------> Duration(163 ms)
[2026-04-19 11:01:41.239] 
[2026-04-19 11:01:41.285] ------ Running dev 'HydraHD' main ------
[2026-04-19 11:01:41.285] 04-19 16:02:00.690 sdkl [scrpt.ctx.run.enter] UI: Entering 'HydraHD', id 'dev', thrd 25905
[2026-04-19 11:01:41.285] 04-19 16:02:00.698 sdkl [beacon.signal] |AppLaunchChainComplete ----> Duration(949 ms)
[2026-04-19 11:03:11.650] [Player] starting http://192.168.3.180:8787/stream?u=https%3A%2F%2Flookmovie2.skin%2Fstream%2FX9o-jaCzYAHoVh9dKiCRfA%2Fkjhhiuahiuhgihdf%2F1776657725%2F69851760%2Fmaster.m3u8&r=https%3A%2F%2Flookmovie2.skin%2F&ua=Mozilla%2F5.0+%28Windows+NT+10.0%3B+Win64%3B+x64%29+AppleWebKit%2F537.36+%28KHTML%2C+like+Gecko%29+Chrome%2F124.0.0.0+Safari%2F537.36 (referer=)
[2026-04-19 11:03:36.246] [Player] starting http://192.168.3.180:8787/stream?u=https%3A%2F%2Ftik.1x2.space%2Fplaylist%2FIiwSHtLD8CyR290qoRvFXjC1ooI0o3aEttjSi35uU44G_4om--BmcW8NB6y_4P2R1QKLr3M7qWem7rx4RkMdp_z6qtXCDqe2ZlTNKW8PTTJ4U7Du0c-dTpQR2UI5%2Fmaster.m3u8&r=https%3A%2F%2Fplay.xpass.top%2F&ua=Mozilla%2F5.0+%28Windows+NT+10.0%3B+Win64%3B+x64%29+AppleWebKit%2F537.36+%28KHTML%2C+like+Gecko%29+Chrome%2F124.0.0.0+Safari%2F537.36 (referer=)
[2026-04-19 11:06:23.324] [Player] starting http://192.168.3.180:8787/stream?u=https%3A%2F%2Ftik.1x2.space%2Fplaylist%2FfytDGtDE-iCR3tx9ohvFVzjnooNjo3GE44-F2i5pV4RTq4p2--BmcW8NB6y_4P2R1QKLr3M7qWem7rx4RkMdp_z6qtXCDqe2ZlTNKW-WweDpzkGdJNWn-vu5LIK1%2Fmaster.m3u8&r=https%3A%2F%2Fplay.xpass.top%2F&ua=Mozilla%2F5.0+%28Windows+NT+10.0%3B+Win64%3B+x64%29+AppleWebKit%2F537.36+%28KHTML%2C+like+Gecko%29+Chrome%2F124.0.0.0+Safari%2F537.36 (referer=)
[2026-04-19 11:07:34.451] 04-19 16:07:53.859 app  [beacon.signal] |AppExitComplete -----------> Duration(132 ms)
[2026-04-19 11:07:34.451] 04-19 16:07:53.859 app  [beacon.header] __________________________________________
[2026-04-19 11:07:34.451] 04-19 16:07:53.859 app  [beacon.report] |AppLaunchInitiate ---------> TimeBase(0 ms), InstantOn
[2026-04-19 11:07:34.452] 04-19 16:07:53.859 app  [beacon.report] |AppLaunchComplete ---------> Pended without Render
[2026-04-19 11:07:34.452] 04-19 16:07:53.859 app  [beacon.report] |AppSplashInitiate ---------> TimeBase(24 ms)
[2026-04-19 11:07:34.452] 04-19 16:07:53.859 app  [beacon.report] |AppSplashComplete ---------> Duration(817 ms)
[2026-04-19 11:07:34.452] 04-19 16:07:53.859 app  [beacon.report] |AppExitInitiate -----------> TimeBase(354292 ms)
[2026-04-19 11:07:34.452] 04-19 16:07:53.859 app  [beacon.report] |AppExitComplete -----------> Duration(132 ms)
[2026-04-19 11:07:34.452] 04-19 16:07:53.859 app  [beacon.report] |AppLaunchChainInitiate ----> TimeBase(NotApplicable)
[2026-04-19 11:07:34.452] 04-19 16:07:53.859 app  [beacon.footer] __________________________________________
[2026-04-19 11:16:37.689] 04-19 16:16:57.105 app  [beacon.signal] |AppLaunchInitiate ---------> TimeBase(0 ms)
[2026-04-19 11:16:37.690] 04-19 16:16:57.105 app  [beacon.signal] |AppCompileInitiate --------> TimeBase(0 ms)
[2026-04-19 11:16:37.690] 04-19 16:16:57.111 app  [scrpt.cmpl] Compiling 'HydraHD', id 'dev'
[2026-04-19 11:16:37.690] 04-19 16:16:57.118 app  [scrpt.load.mkup] Loading markup dev 'HydraHD'
[2026-04-19 11:16:37.690] 04-19 16:16:57.119 app  [scrpt.unload.mkup] Unloading markup dev 'HydraHD'
[2026-04-19 11:16:37.690] 04-19 16:16:57.129 app  [scrpt.parse.mkup.time] Parsed markup dev 'HydraHD' in 11 milliseconds
[2026-04-19 11:16:37.690] 
[2026-04-19 11:16:37.690] ------ Compiling dev 'HydraHD' ------
[2026-04-19 11:16:37.734] 04-19 16:16:57.182 app  [scrpt.ctx.cmpl.time] Compiled 'HydraHD', id 'dev' in 52 ms (BCVer:0), thrd 3575
[2026-04-19 11:16:37.734] 04-19 16:16:57.182 app  [scrpt.proc.mkup.time] Processed markup dev 'HydraHD' in 0 milliseconds
[2026-04-19 11:16:37.845] 04-19 16:16:57.251 app  [beacon.signal] |AppCompileComplete --------> Duration(145 ms)
[2026-04-19 11:16:37.890] 04-19 16:16:57.309 app  [beacon.signal] |AppLaunchInitiate ---------> TimeBase(0 ms)
[2026-04-19 11:16:37.890] 04-19 16:16:57.309 app  [beacon.signal] |AppLaunchChainInitiate ----> TimeBase(NotApplicable)
[2026-04-19 11:16:37.890] 04-19 16:16:57.326 app  [beacon.signal] |AppSplashInitiate ---------> TimeBase(17 ms)
[2026-04-19 11:16:38.724] 04-19 16:16:58.139 app  [beacon.signal] |AppSplashComplete ---------> Duration(813 ms)
[2026-04-19 11:16:38.867] 04-19 16:16:58.281 sdkl [beacon.signal] |AppLaunchInitiate ---------> TimeBase(0 ms)
[2026-04-19 11:16:38.867] 04-19 16:16:58.326 sdkl [scrpt.cmpl] Compiling 'HydraHD', id 'dev'
[2026-04-19 11:16:38.913] 04-19 16:16:58.349 sdkl [scrpt.load.mkup] Loading markup dev 'HydraHD'
[2026-04-19 11:16:38.913] 04-19 16:16:58.350 sdkl [scrpt.unload.mkup] Unloading markup dev 'HydraHD'
[2026-04-19 11:16:38.913] 
[2026-04-19 11:16:38.914] ------ Compiling dev 'HydraHD' ------
[2026-04-19 11:16:38.914] 04-19 16:16:58.368 sdkl [scrpt.parse.mkup.time] Parsed markup dev 'HydraHD' in 19 milliseconds
[2026-04-19 11:16:39.023] 04-19 16:16:58.445 sdkl [scrpt.ctx.cmpl.time] Compiled 'HydraHD', id 'dev' in 76 ms (BCVer:0), thrd 29424
[2026-04-19 11:16:39.023] 04-19 16:16:58.446 sdkl [scrpt.proc.mkup.time] Processed markup dev 'HydraHD' in 0 milliseconds
[2026-04-19 11:16:39.023] 04-19 16:16:58.447 sdkl [beacon.signal] |AppCompileComplete --------> Duration(141 ms)
[2026-04-19 11:16:39.095] 
[2026-04-19 11:16:39.148] ------ Running dev 'HydraHD' main ------
[2026-04-19 11:16:39.148] 04-19 16:16:58.557 sdkl [scrpt.ctx.run.enter] UI: Entering 'HydraHD', id 'dev', thrd 29399
[2026-04-19 11:16:39.148] 04-19 16:16:58.572 sdkl [beacon.signal] |AppLaunchChainComplete ----> Duration(1029 ms)
[2026-04-19 11:16:56.823] [Player] starting http://192.168.3.180:8787/stream?u=https%3A%2F%2Flookmovie2.skin%2Fstream%2F1GukZMRN1Kvxu_BmCR26Eg%2Fkjhhiuahiuhgihdf%2F1776658584%2F69851760%2Fmaster.m3u8&r=https%3A%2F%2Flookmovie2.skin%2F&ua=Mozilla%2F5.0+%28Windows+NT+10.0%3B+Win64%3B+x64%29+AppleWebKit%2F537.36+%28KHTML%2C+like+Gecko%29+Chrome%2F124.0.0.0+Safari%2F537.36 (referer=)
[2026-04-19 11:17:21.319] [Player] starting http://192.168.3.180:8787/stream?u=https%3A%2F%2Flookmovie2.skin%2Fstream%2F1GukZMRN1Kvxu_BmCR26Eg%2Fkjhhiuahiuhgihdf%2F1776658584%2F69851760%2Fmaster.m3u8&r=https%3A%2F%2Flookmovie2.skin%2F&ua=Mozilla%2F5.0+%28Windows+NT+10.0%3B+Win64%3B+x64%29+AppleWebKit%2F537.36+%28KHTML%2C+like+Gecko%29+Chrome%2F124.0.0.0+Safari%2F537.36 (referer=)
[2026-04-19 11:17:31.917] [Player] starting http://192.168.3.180:8787/stream?u=https%3A%2F%2Fvip.1x2.space%2Fplaylist%2FKy1HTtzJqyeR2o4lphvFDzm1otgzo3CE5Nnf2HdmUYUMro0k--BmcW8NB6y_4P2R1QKLr3M7qWem7rx4RkMdp_z6qtXCDqe2ZlTNKW9ifvcXu8Di3ll4O45vWbV0%2Fmaster.m3u8&r=https%3A%2F%2Fplay.xpass.top%2F&ua=Mozilla%2F5.0+%28Windows+NT+10.0%3B+Win64%3B+x64%29+AppleWebKit%2F537.36+%28KHTML%2C+like+Gecko%29+Chrome%2F124.0.0.0+Safari%2F537.36 (referer=)
[2026-04-19 11:17:36.793] 04-19 16:17:56.197 sdkl [beacon.signal] |VODStartInitiate ----------> TimeBase(52868 ms)
[2026-04-19 11:17:36.793] 04-19 16:17:56.197 sdkl [beacon.signal] |VODStartComplete ----------> Duration(4809 ms)
[2026-04-19 11:17:53.014] 04-19 16:18:12.426 app  [beacon.signal] |AppExitComplete -----------> Duration(31 ms)
[2026-04-19 11:17:53.014] 04-19 16:18:12.426 app  [beacon.header] __________________________________________
[2026-04-19 11:17:53.014] 04-19 16:18:12.426 app  [beacon.report] |AppLaunchInitiate ---------> TimeBase(0 ms), InstantOn
[2026-04-19 11:17:53.014] 04-19 16:18:12.426 app  [beacon.report] |AppLaunchComplete ---------> Pended without Render
[2026-04-19 11:17:53.015] 04-19 16:18:12.426 app  [beacon.report] |AppSplashInitiate ---------> TimeBase(17 ms)
[2026-04-19 11:17:53.015] 04-19 16:18:12.426 app  [beacon.report] |AppSplashComplete ---------> Duration(813 ms)
[2026-04-19 11:17:53.015] 04-19 16:18:12.426 app  [beacon.report] |AppExitInitiate -----------> TimeBase(75086 ms)
[2026-04-19 11:17:53.015] 04-19 16:18:12.426 app  [beacon.report] |AppExitComplete -----------> Duration(31 ms)
[2026-04-19 11:17:53.015] 04-19 16:18:12.426 app  [beacon.report] |AppLaunchChainInitiate ----> TimeBase(NotApplicable)
[2026-04-19 11:17:53.015] 04-19 16:18:12.426 app  [beacon.footer] __________________________________________
[2026-04-19 11:39:22.908] 04-19 16:39:42.225 app  [beacon.signal] |AppLaunchInitiate ---------> TimeBase(0 ms)
[2026-04-19 11:39:22.908] 04-19 16:39:42.225 app  [beacon.signal] |AppCompileInitiate --------> TimeBase(0 ms)
[2026-04-19 11:39:22.908] 04-19 16:39:42.230 app  [scrpt.cmpl] Compiling 'HydraHD', id 'dev'
[2026-04-19 11:39:22.908] 04-19 16:39:42.237 app  [scrpt.load.mkup] Loading markup dev 'HydraHD'
[2026-04-19 11:39:22.908] 04-19 16:39:42.239 app  [scrpt.unload.mkup] Unloading markup dev 'HydraHD'
[2026-04-19 11:39:22.908] 04-19 16:39:42.250 app  [scrpt.parse.mkup.time] Parsed markup dev 'HydraHD' in 12 milliseconds
[2026-04-19 11:39:22.908] 
[2026-04-19 11:39:22.908] ------ Compiling dev 'HydraHD' ------
[2026-04-19 11:39:22.955] 04-19 16:39:42.303 app  [scrpt.ctx.cmpl.time] Compiled 'HydraHD', id 'dev' in 53 ms (BCVer:0), thrd 3575
[2026-04-19 11:39:22.955] 04-19 16:39:42.304 app  [scrpt.proc.mkup.time] Processed markup dev 'HydraHD' in 0 milliseconds
[2026-04-19 11:39:23.064] 04-19 16:39:42.372 app  [beacon.signal] |AppCompileComplete --------> Duration(148 ms)
[2026-04-19 11:39:23.064] 04-19 16:39:42.427 app  [beacon.signal] |AppLaunchInitiate ---------> TimeBase(0 ms)
[2026-04-19 11:39:23.064] 04-19 16:39:42.429 app  [beacon.signal] |AppLaunchChainInitiate ----> TimeBase(NotApplicable)
[2026-04-19 11:39:23.112] 04-19 16:39:42.437 app  [beacon.signal] |AppSplashInitiate ---------> TimeBase(10 ms)
[2026-04-19 11:39:23.836] 04-19 16:39:43.145 sdkl [beacon.signal] |AppLaunchInitiate ---------> TimeBase(0 ms)
[2026-04-19 11:39:23.836] 04-19 16:39:43.166 sdkl [scrpt.cmpl] Compiling 'HydraHD', id 'dev'
[2026-04-19 11:39:23.836] 04-19 16:39:43.174 sdkl [scrpt.load.mkup] Loading markup dev 'HydraHD'
[2026-04-19 11:39:23.836] 04-19 16:39:43.175 sdkl [scrpt.unload.mkup] Unloading markup dev 'HydraHD'
[2026-04-19 11:39:23.836] 04-19 16:39:43.186 sdkl [scrpt.parse.mkup.time] Parsed markup dev 'HydraHD' in 12 milliseconds
[2026-04-19 11:39:23.836] 
[2026-04-19 11:39:23.837] ------ Compiling dev 'HydraHD' ------
[2026-04-19 11:39:23.881] 04-19 16:39:43.241 sdkl [scrpt.ctx.cmpl.time] Compiled 'HydraHD', id 'dev' in 54 ms (BCVer:0), thrd 2356
[2026-04-19 11:39:23.881] 04-19 16:39:43.241 sdkl [scrpt.proc.mkup.time] Processed markup dev 'HydraHD' in 0 milliseconds
[2026-04-19 11:39:23.881] 04-19 16:39:43.243 sdkl [beacon.signal] |AppCompileComplete --------> Duration(85 ms)
[2026-04-19 11:39:26.243] 04-19 16:39:45.550 app  [beacon.signal] |AppSplashComplete ---------> Duration(3114 ms)
[2026-04-19 11:39:26.536] 
[2026-04-19 11:39:26.585] ------ Running dev 'HydraHD' main ------
[2026-04-19 11:39:26.585] 04-19 16:39:45.902 sdkl [scrpt.ctx.run.enter] UI: Entering 'HydraHD', id 'dev', thrd 2335
[2026-04-19 11:39:26.585] 04-19 16:39:45.909 sdkl [beacon.signal] |AppLaunchChainComplete ----> Duration(767 ms)
[2026-04-19 11:41:01.192] 04-19 16:41:20.504 app  [beacon.signal] |AppExitComplete -----------> Duration(40 ms)
[2026-04-19 11:41:01.193] 04-19 16:41:20.505 app  [beacon.header] __________________________________________
[2026-04-19 11:41:01.193] 04-19 16:41:20.505 app  [beacon.report] |AppLaunchInitiate ---------> TimeBase(0 ms), InstantOn
[2026-04-19 11:41:01.193] 04-19 16:41:20.505 app  [beacon.report] |AppLaunchComplete ---------> Pended without Render
[2026-04-19 11:41:01.193] 04-19 16:41:20.505 app  [beacon.report] |AppSplashInitiate ---------> TimeBase(10 ms)
[2026-04-19 11:41:01.193] 04-19 16:41:20.505 app  [beacon.report] |AppSplashComplete ---------> Duration(3114 ms)
[2026-04-19 11:41:01.194] 04-19 16:41:20.505 app  [beacon.report] |AppExitInitiate -----------> TimeBase(98038 ms)
[2026-04-19 11:41:01.194] 04-19 16:41:20.505 app  [beacon.report] |AppExitComplete -----------> Duration(40 ms)
[2026-04-19 11:41:01.194] 04-19 16:41:20.505 app  [beacon.report] |AppLaunchChainInitiate ----> TimeBase(NotApplicable)
[2026-04-19 11:41:01.194] 04-19 16:41:20.505 app  [beacon.footer] __________________________________________
[2026-04-19 11:41:07.305] 04-19 16:41:26.619 app  [beacon.signal] |AppLaunchInitiate ---------> TimeBase(0 ms)
[2026-04-19 11:41:07.305] 04-19 16:41:26.619 app  [beacon.signal] |AppLaunchChainInitiate ----> TimeBase(NotApplicable)
[2026-04-19 11:41:07.305] 04-19 16:41:26.629 app  [beacon.signal] |AppSplashInitiate ---------> TimeBase(10 ms)
[2026-04-19 11:41:08.094] 04-19 16:41:27.398 app  [beacon.signal] |AppSplashComplete ---------> Duration(769 ms)
[2026-04-19 11:41:08.095] 04-19 16:41:27.420 sdkl [beacon.signal] |AppLaunchInitiate ---------> TimeBase(0 ms)
[2026-04-19 11:41:08.150] 04-19 16:41:27.499 sdkl [scrpt.cmpl] Compiling 'HydraHD', id 'dev'
[2026-04-19 11:41:08.197] 04-19 16:41:27.554 sdkl [beacon.signal] |AppCompileComplete --------> Duration(79 ms)
[2026-04-19 11:41:08.371] 
[2026-04-19 11:41:08.416] ------ Running dev 'HydraHD' main ------
[2026-04-19 11:41:08.416] 04-19 16:41:27.739 sdkl [scrpt.ctx.run.enter] UI: Entering 'HydraHD', id 'dev', thrd 3049
[2026-04-19 11:41:08.416] 04-19 16:41:27.746 sdkl [beacon.signal] |AppLaunchChainComplete ----> Duration(850 ms)
[2026-04-19 11:41:26.915] [Player] qualities= 3 subs= 28
[2026-04-19 11:41:26.915] [Player] starting http://192.168.3.180:8787/stream?u=https%3A%2F%2Fps1.1x2.space%2Fenproxy%2FcmkCC5fK5zrIg8xyo1OCAm236Yszvi3HuNKJjGA4CdtQ-sZE4sQTDRtzeOT5op3v5n-N3QFZqAjnlbV5JgJhv5P2_9aQcuSaCFndNgNLGDyZLpyF50qul0kRNTzPhGcqWt1th7g-s_2YUzRp2FxuSAWr_HOKOvWaj5g6pykGqRm3ZIIJx6UnTcpPqYQSfMee1NNSdyhsmGWD8WIXgbc6UbLzjuiDfz0UeyYfcWpnEjbK8PeQzBduqpyIfJcbjUKx22O-aFIe0BQ0TFw3rNsgKP30C-e25FArmpSgj22XsVKwx4maBcDj4TYd3qK2CulYrPut66QTTh5wRWWIhevvFScGZ2qrQMR2bP0QQgo_gPFNaO8peu3wioV4JlJIr1BLpJg%2Fmaster.m3u8&r=https%3A%2F%2Fplay.xpass.top%2F&ua=Mozilla%2F5.0+%28Windows+NT+10.0%3B+Win64%3B+x64%29+AppleWebKit%2F537.36+%28KHTML%2C+like+Gecko%29+Chrome%2F124.0.0.0+Safari%2F537.36 (referer=)
[2026-04-19 11:41:27.055] [Player] state=buffering
[2026-04-19 11:41:38.590] [Player] state=playing
[2026-04-19 11:41:38.590] 04-19 16:41:57.886 sdkl [beacon.signal] |VODStartInitiate ----------> TimeBase(18615 ms)
[2026-04-19 11:41:38.591] 04-19 16:41:57.886 sdkl [beacon.signal] |VODStartComplete ----------> Duration(11564 ms)
[2026-04-19 11:49:26.649] [Player] state=stopped
[2026-04-19 11:49:26.696] [Player] state=buffering
[2026-04-19 11:49:28.346] [Player] state=playing
[2026-04-19 11:49:28.346] 04-19 16:49:47.667 sdkl [beacon.signal] |VODStartInitiate ----------> TimeBase(498323 ms)
[2026-04-19 11:49:28.346] 04-19 16:49:47.667 sdkl [beacon.signal] |VODStartComplete ----------> Duration(1642 ms)
[2026-04-19 11:49:31.618] [Player] state=paused
[2026-04-19 11:49:34.611] [Player] state=buffering
[2026-04-19 11:49:36.187] [Player] state=playing
[2026-04-19 11:49:47.145] [Player] state=paused
[2026-04-19 11:49:48.480] [Player] state=buffering
[2026-04-19 11:49:57.872] [Player] state=stopped
[2026-04-19 11:50:15.131] 04-19 16:50:34.463 app  [beacon.signal] |AppExitInitiate -----------> TimeBase(547844 ms)
[2026-04-19 11:50:15.131] 04-19 16:50:34.463 app  [beacon.signal] |AppExitComplete -----------> Duration(0 ms)
[2026-04-19 11:50:15.131] 04-19 16:50:34.463 app  [beacon.header] __________________________________________
[2026-04-19 11:50:15.131] 04-19 16:50:34.463 app  [beacon.report] |AppLaunchInitiate ---------> TimeBase(0 ms), InstantOn
[2026-04-19 11:50:15.132] 04-19 16:50:34.463 app  [beacon.report] |AppLaunchComplete ---------> Pended without Render
[2026-04-19 11:50:15.132] 04-19 16:50:34.463 app  [beacon.report] |AppSplashInitiate ---------> TimeBase(10 ms)
[2026-04-19 11:50:15.132] 04-19 16:50:34.463 app  [beacon.report] |AppSplashComplete ---------> Duration(769 ms)
[2026-04-19 11:50:15.132] 04-19 16:50:34.463 app  [beacon.report] |AppExitInitiate -----------> TimeBase(547844 ms)
[2026-04-19 11:50:15.132] 04-19 16:50:34.463 app  [beacon.report] |AppExitComplete -----------> Duration(0 ms)
[2026-04-19 11:50:15.132] 04-19 16:50:34.463 app  [beacon.report] |AppLaunchChainInitiate ----> TimeBase(NotApplicable)
[2026-04-19 11:50:15.133] 04-19 16:50:34.463 app  [beacon.footer] __________________________________________
[2026-04-19 12:07:54.663] 04-19 17:08:13.998 app  [beacon.signal] |AppLaunchInitiate ---------> TimeBase(0 ms)
[2026-04-19 12:07:54.663] 04-19 17:08:13.998 app  [beacon.signal] |AppCompileInitiate --------> TimeBase(0 ms)
[2026-04-19 12:07:54.663] 04-19 17:08:14.004 app  [scrpt.cmpl] Compiling 'HydraHD', id 'dev'
[2026-04-19 12:07:54.663] 04-19 17:08:14.010 app  [scrpt.load.mkup] Loading markup dev 'HydraHD'
[2026-04-19 12:07:54.664] 04-19 17:08:14.012 app  [scrpt.unload.mkup] Unloading markup dev 'HydraHD'
[2026-04-19 12:07:54.664] 04-19 17:08:14.022 app  [scrpt.parse.mkup.time] Parsed markup dev 'HydraHD' in 11 milliseconds
[2026-04-19 12:07:54.664] 
[2026-04-19 12:07:54.664] ------ Compiling dev 'HydraHD' ------
[2026-04-19 12:07:54.710] 04-19 17:08:14.079 app  [scrpt.ctx.cmpl.time] Compiled 'HydraHD', id 'dev' in 56 ms (BCVer:0), thrd 3575
[2026-04-19 12:07:54.710] 04-19 17:08:14.079 app  [scrpt.proc.mkup.time] Processed markup dev 'HydraHD' in 0 milliseconds
[2026-04-19 12:07:54.820] 04-19 17:08:14.149 app  [beacon.signal] |AppCompileComplete --------> Duration(150 ms)
[2026-04-19 12:07:54.867] 04-19 17:08:14.204 app  [beacon.signal] |AppLaunchInitiate ---------> TimeBase(0 ms)
[2026-04-19 12:07:54.867] 04-19 17:08:14.204 app  [beacon.signal] |AppLaunchChainInitiate ----> TimeBase(NotApplicable)
[2026-04-19 12:07:54.867] 04-19 17:08:14.217 app  [beacon.signal] |AppSplashInitiate ---------> TimeBase(14 ms)
[2026-04-19 12:07:55.741] 04-19 17:08:15.047 sdkl [beacon.signal] |AppLaunchInitiate ---------> TimeBase(0 ms)
[2026-04-19 12:07:55.741] 04-19 17:08:15.071 sdkl [scrpt.cmpl] Compiling 'HydraHD', id 'dev'
[2026-04-19 12:07:55.741] 04-19 17:08:15.079 sdkl [scrpt.load.mkup] Loading markup dev 'HydraHD'
[2026-04-19 12:07:55.741] 04-19 17:08:15.080 sdkl [scrpt.unload.mkup] Unloading markup dev 'HydraHD'
[2026-04-19 12:07:55.741] 04-19 17:08:15.091 sdkl [scrpt.parse.mkup.time] Parsed markup dev 'HydraHD' in 12 milliseconds
[2026-04-19 12:07:55.741] 
[2026-04-19 12:07:55.741] ------ Compiling dev 'HydraHD' ------
[2026-04-19 12:07:55.792] 04-19 17:08:15.148 sdkl [scrpt.ctx.cmpl.time] Compiled 'HydraHD', id 'dev' in 55 ms (BCVer:0), thrd 10923
[2026-04-19 12:07:55.792] 04-19 17:08:15.149 sdkl [scrpt.proc.mkup.time] Processed markup dev 'HydraHD' in 0 milliseconds
[2026-04-19 12:07:55.792] 04-19 17:08:15.150 sdkl [beacon.signal] |AppCompileComplete --------> Duration(88 ms)
[2026-04-19 12:07:58.008] 04-19 17:08:17.328 app  [beacon.signal] |AppSplashComplete ---------> Duration(3110 ms)
[2026-04-19 12:07:58.277] 
[2026-04-19 12:07:58.332] ------ Running dev 'HydraHD' main ------
[2026-04-19 12:07:58.332] 04-19 17:08:17.655 sdkl [scrpt.ctx.run.enter] UI: Entering 'HydraHD', id 'dev', thrd 10901
[2026-04-19 12:07:58.332] 04-19 17:08:17.663 sdkl [beacon.signal] |AppLaunchChainComplete ----> Duration(886 ms)
[2026-04-19 12:08:36.371] 04-19 17:08:55.703 app  [bs.ndk.proc.exit] plugin=sdklauncher pid=10868 status=exit retval=2 user requested=0 process name='/bin/SdkLauncher' exit code=2 (EXIT_USER_NAV) vers=1.0.0
[2026-04-19 12:08:36.372] 04-19 17:08:55.703 app  [beacon.signal] |AppExitInitiate -----------> TimeBase(41500 ms)
[2026-04-19 12:08:36.372] 04-19 17:08:55.703 app  [beacon.signal] |AppExitComplete -----------> Duration(0 ms)
[2026-04-19 12:08:36.372] 04-19 17:08:55.703 app  [beacon.header] __________________________________________
[2026-04-19 12:08:36.372] 04-19 17:08:55.704 app  [beacon.report] |AppLaunchInitiate ---------> TimeBase(0 ms), InstantOn
[2026-04-19 12:08:36.372] 04-19 17:08:55.704 app  [beacon.report] |AppLaunchComplete ---------> Pended without Render
[2026-04-19 12:08:36.372] 04-19 17:08:55.704 app  [beacon.report] |AppSplashInitiate ---------> TimeBase(14 ms)
[2026-04-19 12:08:36.373] 04-19 17:08:55.704 app  [beacon.report] |AppSplashComplete ---------> Duration(3110 ms)
[2026-04-19 12:08:36.373] 04-19 17:08:55.704 app  [beacon.report] |AppExitInitiate -----------> TimeBase(41500 ms)
[2026-04-19 12:08:36.373] 04-19 17:08:55.704 app  [beacon.report] |AppExitComplete -----------> Duration(0 ms)
[2026-04-19 12:08:36.373] 04-19 17:08:55.704 app  [beacon.report] |AppLaunchChainInitiate ----> TimeBase(NotApplicable)
[2026-04-19 12:08:36.373] 04-19 17:08:55.704 app  [beacon.footer] __________________________________________
[2026-04-19 12:08:42.497] 04-19 17:09:01.823 app  [beacon.signal] |AppLaunchInitiate ---------> TimeBase(0 ms)
[2026-04-19 12:08:42.497] 04-19 17:09:01.823 app  [beacon.signal] |AppLaunchChainInitiate ----> TimeBase(NotApplicable)
[2026-04-19 12:08:42.498] 04-19 17:09:01.840 app  [beacon.signal] |AppSplashInitiate ---------> TimeBase(17 ms)
[2026-04-19 12:08:43.083] 04-19 17:09:02.410 sdkl [beacon.signal] |AppLaunchInitiate ---------> TimeBase(0 ms)
[2026-04-19 12:08:43.083] 04-19 17:09:02.438 sdkl [scrpt.cmpl] Compiling 'HydraHD', id 'dev'
[2026-04-19 12:08:43.083] 04-19 17:09:02.457 sdkl [beacon.signal] |AppCompileComplete --------> Duration(28 ms)
[2026-04-19 12:08:43.301] 04-19 17:09:02.634 app  [beacon.signal] |AppSplashComplete ---------> Duration(795 ms)
[2026-04-19 12:08:43.606] 
[2026-04-19 12:08:43.663] ------ Running dev 'HydraHD' main ------
[2026-04-19 12:08:43.663] 04-19 17:09:02.986 sdkl [scrpt.ctx.run.enter] UI: Entering 'HydraHD', id 'dev', thrd 11358
[2026-04-19 12:08:43.664] 04-19 17:09:02.993 sdkl [beacon.signal] |AppLaunchChainComplete ----> Duration(636 ms)
